e:\bim rv\bimrv\oda_bimrv\vc16\platforms\vc16_amd64dll\bimrv\examples\bmjsonexportex\bmjsonexportex.dir\bmjsonexportex.obj
e:\bim rv\bimrv\oda_bimrv\vc16\platforms\vc16_amd64dll\bimrv\examples\bmjsonexportex\bmjsonexportex.dir\odallocop.obj
e:\bim rv\bimrv\oda_bimrv\vc16\exe\vc16_amd64dll\bmjsonexportex.exe
e:\bim rv\bimrv\oda_bimrv\vc16\platforms\vc16_amd64dll\bimrv\examples\bmjsonexportex\bmjsonexportex.dir\bmjsonexportex.exe.intermediate.manifest
e:\bim rv\bimrv\oda_bimrv\vc16\exe\vc16_amd64dll\bmjsonexportex.exe.manifest
e:\bim rv\bimrv\oda_bimrv\vc16\platforms\vc16_amd64dll\bimrv\examples\bmjsonexportex\bmjsonexportex.dir\bmjsonexportex.res
e:\bim rv\bimrv\oda_bimrv\vc16\platforms\vc16_amd64dll\bimrv\examples\bmjsonexportex\bmjsonexportex.dir\bmjsonexportex.tlog\cl.11984.write.1.tlog
e:\bim rv\bimrv\oda_bimrv\vc16\platforms\vc16_amd64dll\bimrv\examples\bmjsonexportex\bmjsonexportex.dir\bmjsonexportex.tlog\cl.command.1.tlog
e:\bim rv\bimrv\oda_bimrv\vc16\platforms\vc16_amd64dll\bimrv\examples\bmjsonexportex\bmjsonexportex.dir\bmjsonexportex.tlog\cl.items.tlog
e:\bim rv\bimrv\oda_bimrv\vc16\platforms\vc16_amd64dll\bimrv\examples\bmjsonexportex\bmjsonexportex.dir\bmjsonexportex.tlog\cl.read.1.tlog
e:\bim rv\bimrv\oda_bimrv\vc16\platforms\vc16_amd64dll\bimrv\examples\bmjsonexportex\bmjsonexportex.dir\bmjsonexportex.tlog\link.command.1.tlog
e:\bim rv\bimrv\oda_bimrv\vc16\platforms\vc16_amd64dll\bimrv\examples\bmjsonexportex\bmjsonexportex.dir\bmjsonexportex.tlog\link.read.1.tlog
e:\bim rv\bimrv\oda_bimrv\vc16\platforms\vc16_amd64dll\bimrv\examples\bmjsonexportex\bmjsonexportex.dir\bmjsonexportex.tlog\link.secondary.1.tlog
e:\bim rv\bimrv\oda_bimrv\vc16\platforms\vc16_amd64dll\bimrv\examples\bmjsonexportex\bmjsonexportex.dir\bmjsonexportex.tlog\link.write.1.tlog
e:\bim rv\bimrv\oda_bimrv\vc16\platforms\vc16_amd64dll\bimrv\examples\bmjsonexportex\bmjsonexportex.dir\bmjsonexportex.tlog\mt.command.1.tlog
e:\bim rv\bimrv\oda_bimrv\vc16\platforms\vc16_amd64dll\bimrv\examples\bmjsonexportex\bmjsonexportex.dir\bmjsonexportex.tlog\mt.read.1.tlog
e:\bim rv\bimrv\oda_bimrv\vc16\platforms\vc16_amd64dll\bimrv\examples\bmjsonexportex\bmjsonexportex.dir\bmjsonexportex.tlog\mt.write.1.tlog
e:\bim rv\bimrv\oda_bimrv\vc16\platforms\vc16_amd64dll\bimrv\examples\bmjsonexportex\bmjsonexportex.dir\bmjsonexportex.tlog\rc.command.1.tlog
e:\bim rv\bimrv\oda_bimrv\vc16\platforms\vc16_amd64dll\bimrv\examples\bmjsonexportex\bmjsonexportex.dir\bmjsonexportex.tlog\rc.read.1.tlog
e:\bim rv\bimrv\oda_bimrv\vc16\platforms\vc16_amd64dll\bimrv\examples\bmjsonexportex\bmjsonexportex.dir\bmjsonexportex.tlog\rc.write.1.tlog
